\BOOKMARK [0][-]{Doc-Start}{Abstract}{}% 1
\BOOKMARK [0][-]{chapter*.3}{Introduction}{}% 2
\BOOKMARK [0][-]{chapter.1}{Background Knowledge}{}% 3
\BOOKMARK [1][-]{section.1.1}{Software Defined Networks Architecture}{chapter.1}% 4
\BOOKMARK [2][-]{subsection.1.1.1}{Workflow}{section.1.1}% 5
\BOOKMARK [1][-]{section.1.2}{Overview Of Machine Learning Algorithms}{chapter.1}% 6
\BOOKMARK [1][-]{section.1.3}{Switched affine modeling via RT and RF}{chapter.1}% 7
\BOOKMARK [0][-]{chapter.2}{Network emulation environment}{}% 8
\BOOKMARK [1][-]{section.2.1}{Mininet Setup}{chapter.2}% 9
\BOOKMARK [1][-]{section.2.2}{Simulation results}{chapter.2}% 10
\BOOKMARK [2][-]{subsection.2.2.1}{Disturbance predictive model validation}{section.2.2}% 11
\BOOKMARK [2][-]{subsection.2.2.2}{Queues predictive model validation}{section.2.2}% 12
\BOOKMARK [2][-]{subsection.2.2.3}{Control performance}{section.2.2}% 13
\BOOKMARK [0][-]{chapter.3}{Modeling Real Networks}{}% 14
\BOOKMARK [1][-]{section.3.1}{Traffic predictive model validation on Italian Internet provider network}{chapter.3}% 15
\BOOKMARK [1][-]{section.3.2}{Control performance validation over dedicated hardware network}{chapter.3}% 16
\BOOKMARK [0][-]{section.3.2}{Conclusion}{}% 17
\BOOKMARK [0][-]{chapter*.5}{References}{}% 18
\BOOKMARK [0][-]{chapter*.6}{Publications}{}% 19
\BOOKMARK [0][-]{appendix.A}{Python Codes}{}% 20
\BOOKMARK [1][-]{section.A.1}{datapath monitor Code}{appendix.A}% 21
\BOOKMARK [1][-]{section.A.2}{main controller}{appendix.A}% 22
\BOOKMARK [1][-]{section.A.3}{Controller commands}{appendix.A}% 23
\BOOKMARK [1][-]{section.A.4}{Topology}{appendix.A}% 24
\BOOKMARK [1][-]{section.A.5}{QOS Simple Switch}{appendix.A}% 25
\BOOKMARK [1][-]{section.A.6}{ofctl rest API}{appendix.A}% 26
\BOOKMARK [1][-]{section.A.7}{rest conf switch}{appendix.A}% 27
\BOOKMARK [1][-]{section.A.8}{rest qos}{appendix.A}% 28
