This is pdfTeX, Version 3.14159265-2.6-1.40.21 (MiKTeX 20.6.29) (preloaded format=pdflatex 2020.8.24)  4 SEP 2020 15:14
entering extended mode
**./mainTesi2.tex
(mainTesi2.tex
LaTeX2e <2020-02-02> patch level 5
L3 programming layer <2020-06-18> (ociamthesis.cls
Document Class: ociamthesis 2010/11/22 v2.2 OCIAM thesis class
("C:\Program Files\MiKTeX\tex/latex/base\report.cls"
Document Class: report 2019/12/20 v1.4l Standard LaTeX document class
("C:\Program Files\MiKTeX\tex/latex/base\size12.clo"
File: size12.clo 2019/12/20 v1.4l Standard LaTeX file (size option)
)
\c@part=\count167
\c@chapter=\count168
\c@section=\count169
\c@subsection=\count170
\c@subsubsection=\count171
\c@paragraph=\count172
\c@subparagraph=\count173
\c@figure=\count174
\c@table=\count175
\abovecaptionskip=\skip47
\belowcaptionskip=\skip48
\bibindent=\dimen134
)
("C:\Program Files\MiKTeX\tex/latex/graphics\graphicx.sty"
Package: graphicx 2019/11/30 v1.2a Enhanced LaTeX Graphics (DPC,SPQR)

("C:\Program Files\MiKTeX\tex/latex/graphics\keyval.sty"
Package: keyval 2014/10/28 v1.15 key=value parser (DPC)
\KV@toks@=\toks15
)
("C:\Program Files\MiKTeX\tex/latex/graphics\graphics.sty"
Package: graphics 2019/11/30 v1.4a Standard LaTeX Graphics (DPC,SPQR)

("C:\Program Files\MiKTeX\tex/latex/graphics\trig.sty"
Package: trig 2016/01/03 v1.10 sin cos tan (DPC)
)
("C:\Program Files\MiKTeX\tex/latex/graphics-cfg\graphics.cfg"
File: graphics.cfg 2016/06/04 v1.11 sample graphics configuration
)
Package graphics Info: Driver file: pdftex.def on input line 105.

("C:\Program Files\MiKTeX\tex/latex/graphics-def\pdftex.def"
File: pdftex.def 2018/01/08 v1.0l Graphics/color driver for pdftex
))
\Gin@req@height=\dimen135
\Gin@req@width=\dimen136
)
("C:\Program Files\MiKTeX\tex/latex/base\ifthen.sty"
Package: ifthen 2014/09/29 v1.1c Standard LaTeX ifthen package (DPC)
)
\longest=\skip49
)
("C:\Program Files\MiKTeX\tex/generic/babel\babel.sty"
Package: babel 2020/06/10 3.45 The Babel package

("C:\Program Files\MiKTeX\tex/generic/babel\babel.def"
File: babel.def 2020/06/10 3.45 Babel common definitions
\babel@savecnt=\count176
\U@D=\dimen137
\l@babelnohyphens=\language79

("C:\Program Files\MiKTeX\tex/generic/babel\txtbabel.def")
\bbl@readstream=\read2
)
\bbl@dirlevel=\count177

*************************************
* Local config file bblopts.cfg used
*
("C:\Program Files\MiKTeX\tex/latex/arabi\bblopts.cfg"
File: bblopts.cfg 2005/09/08 v0.1 add Arabic and Farsi to "declared" options of
 babel
)
("C:\Program Files\MiKTeX\tex/latex/babel-english\english.ldf"
Language: english 2017/06/06 v3.3r English support from the babel system
Package babel Info: \l@canadian = using hyphenrules for english
(babel)             (\language0) on input line 102.
Package babel Info: \l@australian = using hyphenrules for ukenglish
(babel)             (\language73) on input line 105.
Package babel Info: \l@newzealand = using hyphenrules for ukenglish
(babel)             (\language73) on input line 108.
))
("C:\Program Files\MiKTeX\tex/latex/lineno\lineno.sty"
Package: lineno 2005/11/02 line numbers on paragraphs v4.41
\linenopenalty=\count178
\output=\toks16
\linenoprevgraf=\count179
\linenumbersep=\dimen138
\linenumberwidth=\dimen139
\c@linenumber=\count180
\c@pagewiselinenumber=\count181
\c@LN@truepage=\count182
\c@internallinenumber=\count183
\c@internallinenumbers=\count184
\quotelinenumbersep=\dimen140
\bframerule=\dimen141
\bframesep=\dimen142
\bframebox=\box45
LaTeX Info: Redefining \\ on input line 3056.
)
("C:\Program Files\MiKTeX\tex/latex/hyperref\hyperref.sty"
Package: hyperref 2020-05-15 v7.00e Hypertext links for LaTeX

("C:\Program Files\MiKTeX\tex/generic/ltxcmds\ltxcmds.sty"
Package: ltxcmds 2019/12/15 v1.24 LaTeX kernel commands for general use (HO)
)
("C:\Program Files\MiKTeX\tex/generic/iftex\iftex.sty"
Package: iftex 2020/03/06 v1.0d TeX engine tests
)
("C:\Program Files\MiKTeX\tex/generic/pdftexcmds\pdftexcmds.sty"
Package: pdftexcmds 2020-06-27 v0.33 Utility functions of pdfTeX for LuaTeX (HO
)

("C:\Program Files\MiKTeX\tex/generic/infwarerr\infwarerr.sty"
Package: infwarerr 2019/12/03 v1.5 Providing info/warning/error messages (HO)
)
Package pdftexcmds Info: \pdf@primitive is available.
Package pdftexcmds Info: \pdf@ifprimitive is available.
Package pdftexcmds Info: \pdfdraftmode found.
)
("C:\Program Files\MiKTeX\tex/generic/kvsetkeys\kvsetkeys.sty"
Package: kvsetkeys 2019/12/15 v1.18 Key value parser (HO)
)
("C:\Program Files\MiKTeX\tex/generic/kvdefinekeys\kvdefinekeys.sty"
Package: kvdefinekeys 2019-12-19 v1.6 Define keys (HO)
)
("C:\Program Files\MiKTeX\tex/generic/pdfescape\pdfescape.sty"
Package: pdfescape 2019/12/09 v1.15 Implements pdfTeX's escape features (HO)
)
("C:\Program Files\MiKTeX\tex/latex/hycolor\hycolor.sty"
Package: hycolor 2020-01-27 v1.10 Color options for hyperref/bookmark (HO)
)
("C:\Program Files\MiKTeX\tex/latex/letltxmacro\letltxmacro.sty"
Package: letltxmacro 2019/12/03 v1.6 Let assignment for LaTeX macros (HO)
)
("C:\Program Files\MiKTeX\tex/latex/auxhook\auxhook.sty"
Package: auxhook 2019-12-17 v1.6 Hooks for auxiliary files (HO)
)
("C:\Program Files\MiKTeX\tex/latex/kvoptions\kvoptions.sty"
Package: kvoptions 2019/11/29 v3.13 Key value format for package options (HO)
)
\@linkdim=\dimen143
\Hy@linkcounter=\count185
\Hy@pagecounter=\count186

("C:\Program Files\MiKTeX\tex/latex/hyperref\pd1enc.def"
File: pd1enc.def 2020-05-15 v7.00e Hyperref: PDFDocEncoding definition (HO)
Now handling font encoding PD1 ...
... no UTF-8 mapping file for font encoding PD1
)
("C:\Program Files\MiKTeX\tex/generic/intcalc\intcalc.sty"
Package: intcalc 2019/12/15 v1.3 Expandable calculations with integers (HO)
)
("C:\Program Files\MiKTeX\tex/generic/etexcmds\etexcmds.sty"
Package: etexcmds 2019/12/15 v1.7 Avoid name clashes with e-TeX commands (HO)
)
\Hy@SavedSpaceFactor=\count187
Package hyperref Info: Hyper figures OFF on input line 4464.
Package hyperref Info: Link nesting OFF on input line 4469.
Package hyperref Info: Hyper index ON on input line 4472.
Package hyperref Info: Plain pages OFF on input line 4479.
Package hyperref Info: Backreferencing OFF on input line 4484.
Package hyperref Info: Implicit mode ON; LaTeX internals redefined.
Package hyperref Info: Bookmarks ON on input line 4717.
\c@Hy@tempcnt=\count188

("C:\Program Files\MiKTeX\tex/latex/url\url.sty"
\Urlmuskip=\muskip16
Package: url 2013/09/16  ver 3.4  Verb mode for urls, etc.
)
LaTeX Info: Redefining \url on input line 5076.
\XeTeXLinkMargin=\dimen144

("C:\Program Files\MiKTeX\tex/generic/bitset\bitset.sty"
Package: bitset 2019/12/09 v1.3 Handle bit-vector datatype (HO)

("C:\Program Files\MiKTeX\tex/generic/bigintcalc\bigintcalc.sty"
Package: bigintcalc 2019/12/15 v1.5 Expandable calculations on big integers (HO
)
))
\Fld@menulength=\count189
\Field@Width=\dimen145
\Fld@charsize=\dimen146
Package hyperref Info: Hyper figures OFF on input line 6347.
Package hyperref Info: Link nesting OFF on input line 6352.
Package hyperref Info: Hyper index ON on input line 6355.
Package hyperref Info: backreferencing OFF on input line 6362.
Package hyperref Info: Link coloring OFF on input line 6367.
Package hyperref Info: Link coloring with OCG OFF on input line 6372.
Package hyperref Info: PDF/A mode OFF on input line 6377.
LaTeX Info: Redefining \ref on input line 6417.
LaTeX Info: Redefining \pageref on input line 6421.

("C:\Program Files\MiKTeX\tex/generic/atbegshi\atbegshi.sty"
Package: atbegshi 2019/12/05 v1.19 At begin shipout hook (HO)
)
\Hy@abspage=\count190
\c@Item=\count191
\c@Hfootnote=\count192
)
Package hyperref Info: Driver (autodetected): hpdftex.

("C:\Program Files\MiKTeX\tex/latex/hyperref\hpdftex.def"
File: hpdftex.def 2020-05-15 v7.00e Hyperref driver for pdfTeX

("C:\Program Files\MiKTeX\tex/latex/atveryend\atveryend.sty"
Package: atveryend 2019-12-11 v1.11 Hooks at the very end of document (HO)
Package atveryend Info: \enddocument detected (standard20110627).
)
\Fld@listcount=\count193
\c@bookmark@seq@number=\count194

("C:\Program Files\MiKTeX\tex/latex/rerunfilecheck\rerunfilecheck.sty"
Package: rerunfilecheck 2019/12/05 v1.9 Rerun checks for auxiliary files (HO)

("C:\Program Files\MiKTeX\tex/generic/uniquecounter\uniquecounter.sty"
Package: uniquecounter 2019/12/15 v1.4 Provide unlimited unique counter (HO)
)
Package uniquecounter Info: New unique counter `rerunfilecheck' on input line 2
86.
)
\Hy@SectionHShift=\skip50
)
("C:\Program Files\MiKTeX\tex/latex/psnfss\times.sty"
Package: times 2020/03/25 PSNFSS-v9.3 (SPQR) 
)
("C:\Program Files\MiKTeX\tex/latex/amsmath\amsmath.sty"
Package: amsmath 2020/01/20 v2.17e AMS math features
\@mathmargin=\skip51

For additional information on amsmath, use the `?' option.
("C:\Program Files\MiKTeX\tex/latex/amsmath\amstext.sty"
Package: amstext 2000/06/29 v2.01 AMS text

("C:\Program Files\MiKTeX\tex/latex/amsmath\amsgen.sty"
File: amsgen.sty 1999/11/30 v2.0 generic functions
\@emptytoks=\toks17
\ex@=\dimen147
))
("C:\Program Files\MiKTeX\tex/latex/amsmath\amsbsy.sty"
Package: amsbsy 1999/11/29 v1.2d Bold Symbols
\pmbraise@=\dimen148
)
("C:\Program Files\MiKTeX\tex/latex/amsmath\amsopn.sty"
Package: amsopn 2016/03/08 v2.02 operator names
)
\inf@bad=\count195
LaTeX Info: Redefining \frac on input line 227.
\uproot@=\count196
\leftroot@=\count197
LaTeX Info: Redefining \overline on input line 389.
\classnum@=\count198
\DOTSCASE@=\count199
LaTeX Info: Redefining \ldots on input line 486.
LaTeX Info: Redefining \dots on input line 489.
LaTeX Info: Redefining \cdots on input line 610.
\Mathstrutbox@=\box46
\strutbox@=\box47
\big@size=\dimen149
LaTeX Font Info:    Redeclaring font encoding OML on input line 733.
LaTeX Font Info:    Redeclaring font encoding OMS on input line 734.
\macc@depth=\count266
\c@MaxMatrixCols=\count267
\dotsspace@=\muskip17
\c@parentequation=\count268
\dspbrk@lvl=\count269
\tag@help=\toks18
\row@=\count270
\column@=\count271
\maxfields@=\count272
\andhelp@=\toks19
\eqnshift@=\dimen150
\alignsep@=\dimen151
\tagshift@=\dimen152
\tagwidth@=\dimen153
\totwidth@=\dimen154
\lineht@=\dimen155
\@envbody=\toks20
\multlinegap=\skip52
\multlinetaggap=\skip53
\mathdisplay@stack=\toks21
LaTeX Info: Redefining \[ on input line 2859.
LaTeX Info: Redefining \] on input line 2860.
)
("C:\Program Files\MiKTeX\tex/latex/graphics\epsfig.sty"
Package: epsfig 2017/06/25 v1.7b (e)psfig emulation (SPQR)
\epsfxsize=\dimen156
\epsfysize=\dimen157
)
("C:\Program Files\MiKTeX\tex/latex/amsfonts\amssymb.sty"
Package: amssymb 2013/01/14 v3.01 AMS font symbols

("C:\Program Files\MiKTeX\tex/latex/amsfonts\amsfonts.sty"
Package: amsfonts 2013/01/14 v3.01 Basic AMSFonts support
\symAMSa=\mathgroup4
\symAMSb=\mathgroup5
LaTeX Font Info:    Redeclaring math symbol \hbar on input line 98.
LaTeX Font Info:    Overwriting math alphabet `\mathfrak' in version `bold'
(Font)                  U/euf/m/n --> U/euf/b/n on input line 106.
))
("C:\Program Files\MiKTeX\tex/latex/subfigure\subfigure.sty"
Package: subfigure 2002/07/30 v2.1.4 subfigure package
\subfigtopskip=\skip54
\subfigcapskip=\skip55
\subfigcaptopadj=\dimen158
\subfigbottomskip=\skip56
\subfigcapmargin=\dimen159
\subfiglabelskip=\skip57
\c@subfigure=\count273
\c@lofdepth=\count274
\c@subtable=\count275
\c@lotdepth=\count276

****************************************
* Local config file subfigure.cfg used *
****************************************
("C:\Program Files\MiKTeX\tex/latex/subfigure\subfigure.cfg")
\subfig@top=\skip58
\subfig@bottom=\skip59
)
("C:\Program Files\MiKTeX\tex/latex/wrapfig\wrapfig.sty"
\wrapoverhang=\dimen160
\WF@size=\dimen161
\c@WF@wrappedlines=\count277
\WF@box=\box48
\WF@everypar=\toks22
Package: wrapfig 2003/01/31  v 3.6
)
("C:\Program Files\MiKTeX\tex/latex/ctable\ctable.sty"
Package: ctable 2015/10/17 v1.31 ctable package for flexible typesetting of tab
le and figure floats using key/value directives

("C:\Program Files\MiKTeX\tex/generic/iftex\ifpdf.sty"
Package: ifpdf 2019/10/25 v3.4 ifpdf legacy package. Use iftex instead.
)
("C:\Program Files\MiKTeX\tex/latex/etoolbox\etoolbox.sty"
Package: etoolbox 2019/09/21 v2.5h e-TeX tools for LaTeX (JAW)
\etb@tempcnta=\count278
)
("C:\Program Files\MiKTeX\tex/latex/xcolor\xcolor.sty"
Package: xcolor 2016/05/11 v2.12 LaTeX color extensions (UK)

("C:\Program Files\MiKTeX\tex/latex/graphics-cfg\color.cfg"
File: color.cfg 2016/01/02 v1.6 sample color configuration
)
Package xcolor Info: Driver file: pdftex.def on input line 225.
Package xcolor Info: Model `cmy' substituted by `cmy0' on input line 1348.
Package xcolor Info: Model `hsb' substituted by `rgb' on input line 1352.
Package xcolor Info: Model `RGB' extended on input line 1364.
Package xcolor Info: Model `HTML' substituted by `rgb' on input line 1366.
Package xcolor Info: Model `Hsb' substituted by `hsb' on input line 1367.
Package xcolor Info: Model `tHsb' substituted by `hsb' on input line 1368.
Package xcolor Info: Model `HSB' substituted by `hsb' on input line 1369.
Package xcolor Info: Model `Gray' substituted by `gray' on input line 1370.
Package xcolor Info: Model `wave' substituted by `hsb' on input line 1371.
)
("C:\Program Files\MiKTeX\tex/latex/xkeyval\xkeyval.sty"
Package: xkeyval 2014/12/03 v2.7a package option processing (HA)

("C:\Program Files\MiKTeX\tex/generic/xkeyval\xkeyval.tex"
("C:\Program Files\MiKTeX\tex/generic/xkeyval\xkvutils.tex"
\XKV@toks=\toks23
\XKV@tempa@toks=\toks24
)
\XKV@depth=\count279
File: xkeyval.tex 2014/12/03 v2.7a key=value parser (HA)
))
("C:\Program Files\MiKTeX\tex/latex/tools\array.sty"
Package: array 2019/08/31 v2.4l Tabular extension package (FMi)
\col@sep=\dimen162
\ar@mcellbox=\box49
\extrarowheight=\dimen163
\NC@list=\toks25
\extratabsurround=\skip60
\backup@length=\skip61
\ar@cellbox=\box50
)
("C:\Program Files\MiKTeX\tex/latex/tools\tabularx.sty"
Package: tabularx 2020/01/15 v2.11c `tabularx' package (DPC)
\TX@col@width=\dimen164
\TX@old@table=\dimen165
\TX@old@col=\dimen166
\TX@target=\dimen167
\TX@delta=\dimen168
\TX@cols=\count280
\TX@ftn=\toks26
)
("C:\Program Files\MiKTeX\tex/latex/booktabs\booktabs.sty"
Package: booktabs 2020/01/12 v1.61803398 Publication quality tables
\heavyrulewidth=\dimen169
\lightrulewidth=\dimen170
\cmidrulewidth=\dimen171
\belowrulesep=\dimen172
\belowbottomsep=\dimen173
\aboverulesep=\dimen174
\abovetopsep=\dimen175
\cmidrulesep=\dimen176
\cmidrulekern=\dimen177
\defaultaddspace=\dimen178
\@cmidla=\count281
\@cmidlb=\count282
\@aboverulesep=\dimen179
\@belowrulesep=\dimen180
\@thisruleclass=\count283
\@lastruleclass=\count284
\@thisrulewidth=\dimen181
)
("C:\Program Files\MiKTeX\tex/latex/graphics\rotating.sty"
Package: rotating 2016/08/11 v2.16d rotated objects in LaTeX
\c@r@tfl@t=\count285
\rotFPtop=\skip62
\rotFPbot=\skip63
\rot@float@box=\box51
\rot@mess@toks=\toks27
)
("C:\Program Files\MiKTeX\tex/latex/transparent\transparent.sty"
Package: transparent 2019/11/29 v1.4 Transparency via pdfTeX's color stack (HO)

)
\@CTframesep=\dimen182
\@dfltCTframesep=\dimen183
\@CTframerule=\dimen184
\@dfltCTframerule=\dimen185
\@CTwidth=\dimen186
\@dfltCTwidth=\dimen187
\@CTcaptionskip=\dimen188
\@dfltCTcaptionskip=\dimen189
\@CTmaxwidth=\dimen190
\@dfltCTmaxwidth=\dimen191
\@CTmincapwidth=\dimen192
\@dfltCTmincapwidth=\dimen193
\@CTfooterwidth=\dimen194
\@dfltCTfooterwidth=\dimen195
\@CTw=\dimen196
\@CTfloatwidth=\dimen197
\@CToldsep=\dimen198
\@CToldrule=\dimen199
\CT@t=\box52
\@CTcurftwidth=\dimen256
)
("C:\Program Files\MiKTeX\tex/latex/svg\svg.sty"
Package: svg 2020/06/23 v2.02h (include SVG pictures)

("C:\Program Files\MiKTeX\tex/latex/koma-script\scrbase.sty"
Package: scrbase 2020/07/22 v3.31 KOMA-Script package (KOMA-Script-independent 
basics and keyval usage)

("C:\Program Files\MiKTeX\tex/latex/koma-script\scrlfile.sty"
Package: scrlfile 2020/07/22 v3.31 KOMA-Script package (loading files)
))
("C:\Program Files\MiKTeX\tex/latex/trimspaces\trimspaces.sty"
Package: trimspaces 2009/09/17 v1.1 Trim spaces around a token list
)
("C:\Program Files\MiKTeX\tex/latex/tools\shellesc.sty"
Package: shellesc 2019/11/08 v1.0c unified shell escape interface for LaTeX
Package shellesc Info: Restricted shell escape enabled on input line 77.
)
\c@svg@param@lastpage=\count286
\svg@box=\box53
\c@svg@param@currpage=\count287
)
("C:\Program Files\MiKTeX\tex/latex/pgf/systemlayer\pgfsys.sty"
("C:\Program Files\MiKTeX\tex/latex/pgf/utilities\pgfrcs.sty"
("C:\Program Files\MiKTeX\tex/generic/pgf/utilities\pgfutil-common.tex"
\pgfutil@everybye=\toks28
\pgfutil@tempdima=\dimen257
\pgfutil@tempdimb=\dimen258

("C:\Program Files\MiKTeX\tex/generic/pgf/utilities\pgfutil-common-lists.tex"))
("C:\Program Files\MiKTeX\tex/generic/pgf/utilities\pgfutil-latex.def"
\pgfutil@abb=\box54

("C:\Program Files\MiKTeX\tex/latex/ms\everyshi.sty"
Package: everyshi 2001/05/15 v3.00 EveryShipout Package (MS)
))
("C:\Program Files\MiKTeX\tex/generic/pgf/utilities\pgfrcs.code.tex"
("C:\Program Files\MiKTeX\tex/generic/pgf\pgf.revision.tex")
Package: pgfrcs 2020/01/08 v3.1.5b (3.1.5b)
))
("C:\Program Files\MiKTeX\tex/generic/pgf/systemlayer\pgfsys.code.tex"
Package: pgfsys 2020/01/08 v3.1.5b (3.1.5b)

("C:\Program Files\MiKTeX\tex/generic/pgf/utilities\pgfkeys.code.tex"
\pgfkeys@pathtoks=\toks29
\pgfkeys@temptoks=\toks30

("C:\Program Files\MiKTeX\tex/generic/pgf/utilities\pgfkeysfiltered.code.tex"
\pgfkeys@tmptoks=\toks31
))
\pgf@x=\dimen259
\pgf@y=\dimen260
\pgf@xa=\dimen261
\pgf@ya=\dimen262
\pgf@xb=\dimen263
\pgf@yb=\dimen264
\pgf@xc=\dimen265
\pgf@yc=\dimen266
\pgf@xd=\dimen267
\pgf@yd=\dimen268
\w@pgf@writea=\write3
\r@pgf@reada=\read3
\c@pgf@counta=\count288
\c@pgf@countb=\count289
\c@pgf@countc=\count290
\c@pgf@countd=\count291
\t@pgf@toka=\toks32
\t@pgf@tokb=\toks33
\t@pgf@tokc=\toks34
\pgf@sys@id@count=\count292
("C:\Program Files\MiKTeX\tex/generic/pgf/systemlayer\pgf.cfg"
File: pgf.cfg 2020/01/08 v3.1.5b (3.1.5b)
)
Driver file for pgf: pgfsys-pdftex.def

("C:\Program Files\MiKTeX\tex/generic/pgf/systemlayer\pgfsys-pdftex.def"
File: pgfsys-pdftex.def 2020/01/08 v3.1.5b (3.1.5b)

("C:\Program Files\MiKTeX\tex/generic/pgf/systemlayer\pgfsys-common-pdf.def"
File: pgfsys-common-pdf.def 2020/01/08 v3.1.5b (3.1.5b)
))) ("C:\Program Files\MiKTeX\tex/generic/pgf/systemlayer\pgfsyssoftpath.code.t
ex"
File: pgfsyssoftpath.code.tex 2020/01/08 v3.1.5b (3.1.5b)
\pgfsyssoftpath@smallbuffer@items=\count293
\pgfsyssoftpath@bigbuffer@items=\count294
) ("C:\Program Files\MiKTeX\tex/generic/pgf/systemlayer\pgfsysprotocol.code.tex
"
File: pgfsysprotocol.code.tex 2020/01/08 v3.1.5b (3.1.5b)
))
\c@theorem=\count295
\c@definition=\count296
\c@example=\count297
\c@problem=\count298
\c@remark=\count299
\c@assumption=\count300
 ("C:\Program Files\MiKTeX\tex/latex/setspace\setspace.sty"
Package: setspace 2011/12/19 v6.7a set line spacing
)
("C:\Program Files\MiKTeX\tex/latex/l3backend\l3backend-pdfmode.def"
File: l3backend-pdfmode.def 2020-06-29 L3 backend support: PDF mode
\l__kernel_color_stack_int=\count301
\l__pdf_internal_box=\box55
)
(mainTesi2.aux (chapter/acknowledgements.aux) (chapter/abstract.aux)

LaTeX Warning: Label `fig:{errorPescara}' multiply defined.

)
\openout1 = `mainTesi2.aux'.

LaTeX Font Info:    Checking defaults for OML/cmm/m/it on input line 188.
LaTeX Font Info:    ... okay on input line 188.
LaTeX Font Info:    Checking defaults for OMS/cmsy/m/n on input line 188.
LaTeX Font Info:    ... okay on input line 188.
LaTeX Font Info:    Checking defaults for OT1/cmr/m/n on input line 188.
LaTeX Font Info:    ... okay on input line 188.
LaTeX Font Info:    Checking defaults for T1/cmr/m/n on input line 188.
LaTeX Font Info:    ... okay on input line 188.
LaTeX Font Info:    Checking defaults for TS1/cmr/m/n on input line 188.
LaTeX Font Info:    ... okay on input line 188.
LaTeX Font Info:    Checking defaults for OMX/cmex/m/n on input line 188.
LaTeX Font Info:    ... okay on input line 188.
LaTeX Font Info:    Checking defaults for U/cmr/m/n on input line 188.
LaTeX Font Info:    ... okay on input line 188.
LaTeX Font Info:    Checking defaults for PD1/pdf/m/n on input line 188.
LaTeX Font Info:    ... okay on input line 188.
LaTeX Font Info:    Trying to load font information for OT1+ptm on input line 1
88.
 ("C:\Program Files\MiKTeX\tex/latex/psnfss\ot1ptm.fd"
File: ot1ptm.fd 2001/06/04 font definitions for OT1/ptm.
)
("C:\Program Files\MiKTeX\tex/context/base/mkii\supp-pdf.mkii"
[Loading MPS to PDF converter (version 2006.09.02).]
\scratchcounter=\count302
\scratchdimen=\dimen269
\scratchbox=\box56
\nofMPsegments=\count303
\nofMParguments=\count304
\everyMPshowfont=\toks35
\MPscratchCnt=\count305
\MPscratchDim=\dimen270
\MPnumerator=\count306
\makeMPintoPDFobject=\count307
\everyMPtoPDFconversion=\toks36
) ("C:\Program Files\MiKTeX\tex/latex/epstopdf-pkg\epstopdf-base.sty"
Package: epstopdf-base 2020-01-24 v2.11 Base part for package epstopdf
Package epstopdf-base Info: Redefining graphics rule for `.eps' on input line 4
85.
)
\AtBeginShipoutBox=\box57
Package hyperref Info: Link coloring OFF on input line 188.

("C:\Program Files\MiKTeX\tex/latex/hyperref\nameref.sty"
Package: nameref 2019/09/16 v2.46 Cross-referencing by name of section

("C:\Program Files\MiKTeX\tex/latex/refcount\refcount.sty"
Package: refcount 2019/12/15 v3.6 Data extraction from label references (HO)
)
("C:\Program Files\MiKTeX\tex/generic/gettitlestring\gettitlestring.sty"
Package: gettitlestring 2019/12/15 v1.6 Cleanup title references (HO)
)
\c@section@level=\count308
)
LaTeX Info: Redefining \ref on input line 188.
LaTeX Info: Redefining \pageref on input line 188.
LaTeX Info: Redefining \nameref on input line 188.

(mainTesi2.out) (mainTesi2.out)
\@outlinefile=\write4
\openout4 = `mainTesi2.out'.

 ABD: EveryShipout initializing macros
<univaq_logo.png, id=85, 2731.20375pt x 1020.81375pt>
File: univaq_logo.png Graphic file (type png)
<use univaq_logo.png>
Package pdftex.def Info: univaq_logo.png  used on input line 200.
(pdftex.def)             Requested size: 227.62204pt x 85.06241pt.
 [1


{C:/Users/JEDI/AppData/Local/MiKTeX/pdftex/config/pdftex.map} <./univaq_logo.pn
g>]
\openout2 = `chapter/acknowledgements.aux'.


(chapter/acknowledgements.tex [2


] [3])
\openout2 = `chapter/abstract.aux'.

 (chapter/abstract.tex [4



] [5]) [6


]
(mainTesi2.toc
LaTeX Font Info:    Trying to load font information for U+msa on input line 5.
 ("C:\Program Files\MiKTeX\tex/latex/amsfonts\umsa.fd"
File: umsa.fd 2013/01/14 v3.01 AMS symbols A
)
LaTeX Font Info:    Trying to load font information for U+msb on input line 5.

("C:\Program Files\MiKTeX\tex/latex/amsfonts\umsb.fd"
File: umsb.fd 2013/01/14 v3.01 AMS symbols B
))
\tf@toc=\write5
\openout5 = `mainTesi2.toc'.

 [1

] [2

] (mainTesi2.lof)
\tf@lof=\write6
\openout6 = `mainTesi2.lof'.

[3] [4

] (mainTesi2.lot)
\tf@lot=\write7
\openout7 = `mainTesi2.lot'.

 [5] [6

] (chapter/00_01_introduction.texpdfTeX warning (ext4): destination with the sa
me identifier (name{page.1}) has been already used, duplicate ignored
<to be read again> 
                   \relax 
l.6 
     [1

]pdfTeX warning (ext4): destination with the same identifier (name{page.2}) has
 been already used, duplicate ignored
<to be read again> 
                   \relax 
l.12 
      [2])pdfTeX warning (ext4): destination with the same identifier (name{pag
e.3}) has been already used, duplicate ignored
<to be read again> 
                   \relax 
l.220 
       [3]pdfTeX warning (ext4): destination with the same identifier (name{pag
e.4}) has been already used, duplicate ignored
<to be read again> 
                   \relax 
l.223 \chapter
              {Background Knowledge} [4]
Chapter 1.
(chapter/00_BGK_cap1.tex
<figure/ONF.png, id=320, 470.9595pt x 260.172pt>
File: figure/ONF.png Graphic file (type png)
<use figure/ONF.png>
Package pdftex.def Info: figure/ONF.png  used on input line 6.
(pdftex.def)             Requested size: 369.88582pt x 204.34264pt.
pdfTeX warning (ext4): destination with the same identifier (name{page.5}) has 
been already used, duplicate ignored
<to be read again> 
                   \relax 
l.13 \item[]
             \textbf{Control Plane}: The control plane is the “brain” of...
[5

 <./figure/ONF.png>]
LaTeX Font Info:    Trying to load font information for TS1+ptm on input line 1
5.
 ("C:\Program Files\MiKTeX\tex/latex/psnfss\ts1ptm.fd"
File: ts1ptm.fd 2001/06/04 font definitions for TS1/ptm.
)pdfTeX warning (ext4): destination with the same identifier (name{page.6}) has
 been already used, duplicate ignored
<to be read again> 
                   \relax 
l.24 \item []
             \textbf{Application Plane}: The highest layer in the SDN archit...
[6] [7]
<figure/WorkFlow.png, id=423, 687.7695pt x 474.573pt>
File: figure/WorkFlow.png Graphic file (type png)
<use figure/WorkFlow.png>
Package pdftex.def Info: figure/WorkFlow.png  used on input line 35.
(pdftex.def)             Requested size: 369.88582pt x 255.23009pt.
) (chapter/00_BGK_cap2.tex [8 <./figure/WorkFlow.png>]
<figure/ML_algo.png, id=436, 373.99725pt x 488.42474pt>
File: figure/ML_algo.png Graphic file (type png)
<use figure/ML_algo.png>
Package pdftex.def Info: figure/ML_algo.png  used on input line 7.
(pdftex.def)             Requested size: 369.88582pt x 483.08736pt.
 [9] [10 <./figure/ML_algo.png>]
<figure/NN_base.png, id=469, 422.7795pt x 305.34074pt>
File: figure/NN_base.png Graphic file (type png)
<use figure/NN_base.png>
Package pdftex.def Info: figure/NN_base.png  used on input line 28.
(pdftex.def)             Requested size: 369.88582pt x 267.15385pt.
 [11] [12 <./figure/NN_base.png>]
Overfull \hbox (0.14119pt too wide) in paragraph at lines 37--38
[]\OT1/ptm/m/it/12 d) Re-cur-rent NN\OT1/ptm/m/n/12 : In feed-forward neu-ral n
et-works, the in-for-ma-tion is trans-
 []

[13] [14]
Overfull \hbox (0.35484pt too wide) in paragraph at lines 50--52
[]\OT1/ptm/b/n/12 B. Un-su-per-vised Learn-ing \OT1/ptm/m/n/12 In con-trast to 
su-per-vised learn-ing, an un-su-per-vised learn-
 []

[15] [16] [17]) (chapter/SwitchedModeling.tex [18] [19]

Package amsfonts Warning: Obsolete command \bold; \mathbf should be used instea
d on input line 123.

[20] [21]) [22]
Chapter 2.
(chapter/SDNNetSim.tex
Package epstopdf Info: Source file: <figure/SDN_net_EPS.eps>
(epstopdf)                    date: 2020-02-05 13:36:01
(epstopdf)                    size: 107471 bytes
(epstopdf)             Output file: <figure/SDN_net_EPS-eps-converted-to.pdf>
(epstopdf)                    date: 2020-02-10 18:19:58
(epstopdf)                    size: 103559 bytes
(epstopdf)             Command: <epstopdf --outfile=figure/SDN_net_EPS-eps-conv
erted-to.pdf figure/SDN_net_EPS.eps>
(epstopdf)             \includegraphics on input line 8.
Package epstopdf Info: Output file is already uptodate.


pdfTeX warning: pdflatex (file ./figure/SDN_net_EPS-eps-converted-to.pdf): PDF 
inclusion: found PDF version <1.7>, but at most version <1.5> allowed
<figure/SDN_net_EPS-eps-converted-to.pdf, id=627, 1498.59875pt x 769.87625pt>
File: figure/SDN_net_EPS-eps-converted-to.pdf Graphic file (type pdf)
<use figure/SDN_net_EPS-eps-converted-to.pdf>
Package pdftex.def Info: figure/SDN_net_EPS-eps-converted-to.pdf  used on input
 line 8.
(pdftex.def)             Requested size: 433.62pt x 222.75325pt.
[23

 <./figure/SDN_net_EPS-eps-converted-to.pdf>] [24]
Package epstopdf Info: Source file: <figure/QUEUE.eps>
(epstopdf)                    date: 2020-02-05 13:36:01
(epstopdf)                    size: 62075 bytes
(epstopdf)             Output file: <figure/QUEUE-eps-converted-to.pdf>
(epstopdf)                    date: 2020-02-10 18:19:59
(epstopdf)                    size: 51977 bytes
(epstopdf)             Command: <epstopdf --outfile=figure/QUEUE-eps-converted-
to.pdf figure/QUEUE.eps>
(epstopdf)             \includegraphics on input line 34.
Package epstopdf Info: Output file is already uptodate.


pdfTeX warning: pdflatex (file ./figure/QUEUE-eps-converted-to.pdf): PDF inclus
ion: found PDF version <1.7>, but at most version <1.5> allowed
<figure/QUEUE-eps-converted-to.pdf, id=656, 2809.49625pt x 517.935pt>
File: figure/QUEUE-eps-converted-to.pdf Graphic file (type pdf)
<use figure/QUEUE-eps-converted-to.pdf>
Package pdftex.def Info: figure/QUEUE-eps-converted-to.pdf  used on input line 
34.
(pdftex.def)             Requested size: 433.62pt x 79.93135pt.
[25 <./figure/QUEUE-eps-converted-to.pdf>]
Package epstopdf Info: Source file: <figure/Error_Disturbance.eps>
(epstopdf)                    date: 2020-03-17 13:29:44
(epstopdf)                    size: 78886 bytes
(epstopdf)             Output file: <figure/Error_Disturbance-eps-converted-to.
pdf>
(epstopdf)                    date: 2020-03-17 13:29:52
(epstopdf)                    size: 16334 bytes
(epstopdf)             Command: <epstopdf --outfile=figure/Error_Disturbance-ep
s-converted-to.pdf figure/Error_Disturbance.eps>
(epstopdf)             \includegraphics on input line 56.
Package epstopdf Info: Output file is already uptodate.


pdfTeX warning: pdflatex (file ./figure/Error_Disturbance-eps-converted-to.pdf)
: PDF inclusion: found PDF version <1.7>, but at most version <1.5> allowed
<figure/Error_Disturbance-eps-converted-to.pdf, id=673, 1445.4pt x 719.68875pt>

File: figure/Error_Disturbance-eps-converted-to.pdf Graphic file (type pdf)
<use figure/Error_Disturbance-eps-converted-to.pdf>
Package pdftex.def Info: figure/Error_Disturbance-eps-converted-to.pdf  used on
 input line 56.
(pdftex.def)             Requested size: 433.62pt x 259.08775pt.

LaTeX Warning: `!h' float specifier changed to `!ht'.

Package epstopdf Info: Source file: <figure/Error_Disturbance_Packets.eps>
(epstopdf)                    date: 2020-01-25 17:39:31
(epstopdf)                    size: 67630 bytes
(epstopdf)             Output file: <figure/Error_Disturbance_Packets-eps-conve
rted-to.pdf>
(epstopdf)                    date: 2020-01-30 17:47:30
(epstopdf)                    size: 24716 bytes
(epstopdf)             Command: <epstopdf --outfile=figure/Error_Disturbance_Pa
ckets-eps-converted-to.pdf figure/Error_Disturbance_Packets.eps>
(epstopdf)             \includegraphics on input line 62.
Package epstopdf Info: Output file is already uptodate.


pdfTeX warning: pdflatex (file ./figure/Error_Disturbance_Packets-eps-converted
-to.pdf): PDF inclusion: found PDF version <1.7>, but at most version <1.5> all
owed
<figure/Error_Disturbance_Packets-eps-converted-to.pdf, id=674, 1445.4pt x 675.
52374pt>
File: figure/Error_Disturbance_Packets-eps-converted-to.pdf Graphic file (type 
pdf)
<use figure/Error_Disturbance_Packets-eps-converted-to.pdf>
Package pdftex.def Info: figure/Error_Disturbance_Packets-eps-converted-to.pdf 
 used on input line 62.
(pdftex.def)             Requested size: 433.62pt x 243.18835pt.

LaTeX Warning: `!h' float specifier changed to `!ht'.

[26] [27 <./figure/Error_Disturbance-eps-converted-to.pdf> <./figure/Error_Dist
urbance_Packets-eps-converted-to.pdf>]
Package epstopdf Info: Source file: <figure/NRMSENNvsRTvsRF.eps>
(epstopdf)                    date: 2020-02-11 16:33:21
(epstopdf)                    size: 33533 bytes
(epstopdf)             Output file: <figure/NRMSENNvsRTvsRF-eps-converted-to.pd
f>
(epstopdf)                    date: 2020-02-11 16:34:40
(epstopdf)                    size: 11207 bytes
(epstopdf)             Command: <epstopdf --outfile=figure/NRMSENNvsRTvsRF-eps-
converted-to.pdf figure/NRMSENNvsRTvsRF.eps>
(epstopdf)             \includegraphics on input line 99.
Package epstopdf Info: Output file is already uptodate.


pdfTeX warning: pdflatex (file ./figure/NRMSENNvsRTvsRF-eps-converted-to.pdf): 
PDF inclusion: found PDF version <1.7>, but at most version <1.5> allowed
<figure/NRMSENNvsRTvsRF-eps-converted-to.pdf, id=710, 1445.4pt x 755.82375pt>
File: figure/NRMSENNvsRTvsRF-eps-converted-to.pdf Graphic file (type pdf)
<use figure/NRMSENNvsRTvsRF-eps-converted-to.pdf>
Package pdftex.def Info: figure/NRMSENNvsRTvsRF-eps-converted-to.pdf  used on i
nput line 99.
(pdftex.def)             Requested size: 390.25534pt x 244.89017pt.

LaTeX Warning: `!h' float specifier changed to `!ht'.

Package epstopdf Info: Source file: <figure/Error_State.eps>
(epstopdf)                    date: 2020-02-11 16:33:21
(epstopdf)                    size: 34862 bytes
(epstopdf)             Output file: <figure/Error_State-eps-converted-to.pdf>
(epstopdf)                    date: 2020-02-11 16:34:41
(epstopdf)                    size: 10573 bytes
(epstopdf)             Command: <epstopdf --outfile=figure/Error_State-eps-conv
erted-to.pdf figure/Error_State.eps>
(epstopdf)             \includegraphics on input line 108.
Package epstopdf Info: Output file is already uptodate.


pdfTeX warning: pdflatex (file ./figure/Error_State-eps-converted-to.pdf): PDF 
inclusion: found PDF version <1.7>, but at most version <1.5> allowed
<figure/Error_State-eps-converted-to.pdf, id=712, 1445.4pt x 755.82375pt>
File: figure/Error_State-eps-converted-to.pdf Graphic file (type pdf)
<use figure/Error_State-eps-converted-to.pdf>
Package pdftex.def Info: figure/Error_State-eps-converted-to.pdf  used on input
 line 108.
(pdftex.def)             Requested size: 390.25534pt x 244.89017pt.
Package epstopdf Info: Source file: <figure/Error_State_ddM4.eps>
(epstopdf)                    date: 2020-02-11 16:33:21
(epstopdf)                    size: 35346 bytes
(epstopdf)             Output file: <figure/Error_State_ddM4-eps-converted-to.p
df>
(epstopdf)                    date: 2020-02-11 16:34:41
(epstopdf)                    size: 10604 bytes
(epstopdf)             Command: <epstopdf --outfile=figure/Error_State_ddM4-eps
-converted-to.pdf figure/Error_State_ddM4.eps>
(epstopdf)             \includegraphics on input line 114.
Package epstopdf Info: Output file is already uptodate.


pdfTeX warning: pdflatex (file ./figure/Error_State_ddM4-eps-converted-to.pdf):
 PDF inclusion: found PDF version <1.7>, but at most version <1.5> allowed
<figure/Error_State_ddM4-eps-converted-to.pdf, id=713, 1445.4pt x 755.82375pt>
File: figure/Error_State_ddM4-eps-converted-to.pdf Graphic file (type pdf)
<use figure/Error_State_ddM4-eps-converted-to.pdf>
Package pdftex.def Info: figure/Error_State_ddM4-eps-converted-to.pdf  used on 
input line 114.
(pdftex.def)             Requested size: 390.25534pt x 244.89017pt.
[28] [29 <./figure/NRMSENNvsRTvsRF-eps-converted-to.pdf>] [30 <./figure/Error_S
tate-eps-converted-to.pdf> <./figure/Error_State_ddM4-eps-converted-to.pdf>]
Package epstopdf Info: Source file: <figure/cumPL1.eps>
(epstopdf)                    date: 2020-02-05 13:36:01
(epstopdf)                    size: 79014 bytes
(epstopdf)             Output file: <figure/cumPL1-eps-converted-to.pdf>
(epstopdf)                    date: 2020-02-10 18:20:01
(epstopdf)                    size: 22820 bytes
(epstopdf)             Command: <epstopdf --outfile=figure/cumPL1-eps-converted
-to.pdf figure/cumPL1.eps>
(epstopdf)             \includegraphics on input line 153.
Package epstopdf Info: Output file is already uptodate.


pdfTeX warning: pdflatex (file ./figure/cumPL1-eps-converted-to.pdf): PDF inclu
sion: found PDF version <1.7>, but at most version <1.5> allowed
<figure/cumPL1-eps-converted-to.pdf, id=762, 1156.32pt x 559.08875pt>
File: figure/cumPL1-eps-converted-to.pdf Graphic file (type pdf)
<use figure/cumPL1-eps-converted-to.pdf>
Package pdftex.def Info: figure/cumPL1-eps-converted-to.pdf  used on input line
 153.
(pdftex.def)             Requested size: 390.25534pt x 238.3475pt.

LaTeX Warning: `!h' float specifier changed to `!ht'.

Package epstopdf Info: Source file: <figure/cumPL_Total.eps>
(epstopdf)                    date: 2020-02-04 14:03:40
(epstopdf)                    size: 141577 bytes
(epstopdf)             Output file: <figure/cumPL_Total-eps-converted-to.pdf>
(epstopdf)                    date: 2020-02-04 14:05:09
(epstopdf)                    size: 51582 bytes
(epstopdf)             Command: <epstopdf --outfile=figure/cumPL_Total-eps-conv
erted-to.pdf figure/cumPL_Total.eps>
(epstopdf)             \includegraphics on input line 159.
Package epstopdf Info: Output file is already uptodate.


pdfTeX warning: pdflatex (file ./figure/cumPL_Total-eps-converted-to.pdf): PDF 
inclusion: found PDF version <1.7>, but at most version <1.5> allowed
<figure/cumPL_Total-eps-converted-to.pdf, id=763, 1156.32pt x 594.22pt>
File: figure/cumPL_Total-eps-converted-to.pdf Graphic file (type pdf)
<use figure/cumPL_Total-eps-converted-to.pdf>
Package pdftex.def Info: figure/cumPL_Total-eps-converted-to.pdf  used on input
 line 159.
(pdftex.def)             Requested size: 390.25534pt x 253.32446pt.

LaTeX Warning: `!h' float specifier changed to `!ht'.

[31] [32 <./figure/cumPL1-eps-converted-to.pdf> <./figure/cumPL_Total-eps-conve
rted-to.pdf>]
Package epstopdf Info: Source file: <figure/BW_NoPred.eps>
(epstopdf)                    date: 2020-02-05 18:19:26
(epstopdf)                    size: 169700 bytes
(epstopdf)             Output file: <figure/BW_NoPred-eps-converted-to.pdf>
(epstopdf)                    date: 2020-02-10 18:35:02
(epstopdf)                    size: 32317 bytes
(epstopdf)             Command: <epstopdf --outfile=figure/BW_NoPred-eps-conver
ted-to.pdf figure/BW_NoPred.eps>
(epstopdf)             \includegraphics on input line 167.
Package epstopdf Info: Output file is already uptodate.


pdfTeX warning: pdflatex (file ./figure/BW_NoPred-eps-converted-to.pdf): PDF in
clusion: found PDF version <1.7>, but at most version <1.5> allowed
<figure/BW_NoPred-eps-converted-to.pdf, id=787, 1101.11375pt x 849.1725pt>
File: figure/BW_NoPred-eps-converted-to.pdf Graphic file (type pdf)
<use figure/BW_NoPred-eps-converted-to.pdf>
Package pdftex.def Info: figure/BW_NoPred-eps-converted-to.pdf  used on input l
ine 167.
(pdftex.def)             Requested size: 303.53267pt x 234.07384pt.
Package epstopdf Info: Source file: <figure/BW_Pred.eps>
(epstopdf)                    date: 2020-02-06 11:56:20
(epstopdf)                    size: 134456 bytes
(epstopdf)             Output file: <figure/BW_Pred-eps-converted-to.pdf>
(epstopdf)                    date: 2020-02-10 18:20:02
(epstopdf)                    size: 27737 bytes
(epstopdf)             Command: <epstopdf --outfile=figure/BW_Pred-eps-converte
d-to.pdf figure/BW_Pred.eps>
(epstopdf)             \includegraphics on input line 168.
Package epstopdf Info: Output file is already uptodate.


pdfTeX warning: pdflatex (file ./figure/BW_Pred-eps-converted-to.pdf): PDF incl
usion: found PDF version <1.7>, but at most version <1.5> allowed
<figure/BW_Pred-eps-converted-to.pdf, id=788, 1101.11375pt x 849.1725pt>
File: figure/BW_Pred-eps-converted-to.pdf Graphic file (type pdf)
<use figure/BW_Pred-eps-converted-to.pdf>
Package pdftex.def Info: figure/BW_Pred-eps-converted-to.pdf  used on input lin
e 168.
(pdftex.def)             Requested size: 303.53267pt x 234.07384pt.
[33 <./figure/BW_NoPred-eps-converted-to.pdf> <./figure/BW_Pred-eps-converted-t
o.pdf>]
Package epstopdf Info: Source file: <figure/MPCfinal.eps>
(epstopdf)                    date: 2020-02-11 16:15:55
(epstopdf)                    size: 205544 bytes
(epstopdf)             Output file: <figure/MPCfinal-eps-converted-to.pdf>
(epstopdf)                    date: 2020-02-11 16:16:06
(epstopdf)                    size: 56916 bytes
(epstopdf)             Command: <epstopdf --outfile=figure/MPCfinal-eps-convert
ed-to.pdf figure/MPCfinal.eps>
(epstopdf)             \includegraphics on input line 177.
Package epstopdf Info: Output file is already uptodate.


pdfTeX warning: pdflatex (file ./figure/MPCfinal-eps-converted-to.pdf): PDF inc
lusion: found PDF version <1.7>, but at most version <1.5> allowed
<figure/MPCfinal-eps-converted-to.pdf, id=808, 1016.79875pt x 513.92pt>
File: figure/MPCfinal-eps-converted-to.pdf Graphic file (type pdf)
<use figure/MPCfinal-eps-converted-to.pdf>
Package pdftex.def Info: figure/MPCfinal-eps-converted-to.pdf  used on input li
ne 177.
(pdftex.def)             Requested size: 390.25534pt x 258.48851pt.
Package epstopdf Info: Source file: <figure/Error_PESCARA_DATA.eps>
(epstopdf)                    date: 2020-06-30 16:26:36
(epstopdf)                    size: 38589 bytes
(epstopdf)             Output file: <figure/Error_PESCARA_DATA-eps-converted-to
.pdf>
(epstopdf)                    date: 2020-08-28 16:22:45
(epstopdf)                    size: 13059 bytes
(epstopdf)             Command: <epstopdf --outfile=figure/Error_PESCARA_DATA-e
ps-converted-to.pdf figure/Error_PESCARA_DATA.eps>
(epstopdf)             \includegraphics on input line 202.
Package epstopdf Info: Output file is already uptodate.


pdfTeX warning: pdflatex (file ./figure/Error_PESCARA_DATA-eps-converted-to.pdf
): PDF inclusion: found PDF version <1.7>, but at most version <1.5> allowed
<figure/Error_PESCARA_DATA-eps-converted-to.pdf, id=815, 1156.32pt x 594.22pt>
File: figure/Error_PESCARA_DATA-eps-converted-to.pdf Graphic file (type pdf)
<use figure/Error_PESCARA_DATA-eps-converted-to.pdf>
Package pdftex.def Info: figure/Error_PESCARA_DATA-eps-converted-to.pdf  used o
n input line 202.
(pdftex.def)             Requested size: 433.62pt x 281.4686pt.
) [34 <./figure/MPCfinal-eps-converted-to.pdf>] [35 <./figure/Error_PESCARA_DAT
A-eps-converted-to.pdf>] [36

]
Chapter 3.
(chapter/RealNet.tex
Package epstopdf Info: Source file: <figure/Error_PESCARA_DATA.eps>
(epstopdf)                    date: 2020-06-30 16:26:36
(epstopdf)                    size: 38589 bytes
(epstopdf)             Output file: <figure/Error_PESCARA_DATA-eps-converted-to
.pdf>
(epstopdf)                    date: 2020-08-28 16:22:45
(epstopdf)                    size: 13059 bytes
(epstopdf)             Command: <epstopdf --outfile=figure/Error_PESCARA_DATA-e
ps-converted-to.pdf figure/Error_PESCARA_DATA.eps>
(epstopdf)             \includegraphics on input line 8.
Package epstopdf Info: Output file is already uptodate.
File: figure/Error_PESCARA_DATA-eps-converted-to.pdf Graphic file (type pdf)
<use figure/Error_PESCARA_DATA-eps-converted-to.pdf>
Package pdftex.def Info: figure/Error_PESCARA_DATA-eps-converted-to.pdf  used o
n input line 8.
(pdftex.def)             Requested size: 433.62pt x 281.4686pt.


LaTeX Warning: `!h' float specifier changed to `!ht'.

) (chapter/10_conclusion.tex [37] [38]) (mainTesi2.bbl [39

] [40

] [41]
LaTeX Font Info:    Trying to load font information for OT1+pcr on input line 7
5.

("C:\Program Files\MiKTeX\tex/latex/psnfss\ot1pcr.fd"
File: ot1pcr.fd 2001/06/04 font definitions for OT1/pcr.
) [42]
Underfull \hbox (badness 10000) in paragraph at lines 153--155
\OT1/ptm/m/n/12 URL []$\OT1/pcr/m/n/12 https : / / www . opennetworking . org /
 wp-[]content / uploads /
 []

[43]
Underfull \hbox (badness 10000) in paragraph at lines 267--269
\OT1/ptm/m/n/12 URL []$\OT1/pcr/m/n/12 https : / / github . com / CPqD / ofsoft
switch13 / wiki /
 []

[44]
Underfull \hbox (badness 10000) in paragraph at lines 288--293
\OT1/ptm/m/n/12 URL []$\OT1/pcr/m/n/12 https : / / www . microsoft . com / en-[
]us / research /
 []


Overfull \hbox (287.24657pt too wide) in paragraph at lines 288--293
\OT1/pcr/m/n/12 publication / serverswitch-[]a-[]programmable-[]and-[]high-[]pe
rformance-[]platform-[]for-[]data-[]center-[]networks/$[] 
 []


Underfull \hbox (badness 1253) in paragraph at lines 344--351
[]\OT1/ptm/m/n/12 G. Bianchi, M. Bonola, A. Capone, C. Cas-cone, []Open-State: 
pro-gram-ming
 []

[45]
Underfull \hbox (badness 1009) in paragraph at lines 378--385
\OT1/ptm/m/n/12 SDN con-trol plane: Im-ple-men-ta-tion and eval-u-a-tion[], Com
-put-ers & Elec-tri-cal
 []


Underfull \hbox (badness 10000) in paragraph at lines 378--385
\OT1/ptm/m/n/12 URL []$\OT1/pcr/m/n/12 http : / / www . sciencedirect . com / s
cience / article / pii /
 []

[46] [47]
Underfull \hbox (badness 3312) in paragraph at lines 542--549
[]\OT1/ptm/m/n/12 J. Xie, D. Guo, Z. Hu, T. Qu, P. Lv, []Con-trol plane of soft
-ware de-
 []


Underfull \hbox (badness 5036) in paragraph at lines 542--549
\OT1/ptm/m/n/12 fined net-works: A sur-vey[], Com-puter Com-mu-ni-ca-tions 67 (
2015) 1--10.
 []


Underfull \hbox (badness 10000) in paragraph at lines 542--549
\OT1/ptm/m/n/12 URL []$\OT1/pcr/m/n/12 http : / / www . sciencedirect . com / s
cience / article / pii /
 []

[48]
Underfull \hbox (badness 10000) in paragraph at lines 637--645
\OT1/ptm/m/n/12 URL []$\OT1/pcr/m/n/12 http : / / www . sciencedirect . com / s
cience / article / pii /
 []


Underfull \hbox (badness 10000) in paragraph at lines 654--661
\OT1/ptm/m/n/12 URL []$\OT1/pcr/m/n/12 http : / / www . sciencedirect . com / s
cience / article / pii /
 []

[49]
Overfull \hbox (326.42572pt too wide) in paragraph at lines 667--674
\OT1/ptm/m/n/12 URL []$\OT1/pcr/m/n/12 http : / / papers . nips . cc / paper / 
4824-[]imagenet-[]classification-[]with-[]deep-[]convolutional-[]neural-[]netwo
rks .
 []

[50]
Underfull \hbox (badness 2961) in paragraph at lines 736--743
[]\OT1/ptm/m/n/12 L. P. Kael-bling, M. L. Littman, A. W. Moore, []Re-in-force-m
ent Learn-ing:
 []


Underfull \hbox (badness 4048) in paragraph at lines 736--743
\OT1/ptm/m/n/12 A Sur-vey[], Jour-nal of Ar-ti-fi-cial In-tel-li-gence Re-searc
h 4 (1996) 237--285.
 []


Underfull \hbox (badness 10000) in paragraph at lines 736--743
\OT1/ptm/m/n/12 URL []$\OT1/pcr/m/n/12 https : / / www . jair . org / index . p
hp / jair / article / view /
 []

[51]
Underfull \hbox (badness 10000) in paragraph at lines 806--808
\OT1/ptm/m/n/12 URL []$\OT1/pcr/m/n/12 https : / / osrg . github . io / ryu-[]b
ook / en / html / rest _ qos .
 []

) [52] [53

]
Package atveryend Info: Empty hook `BeforeClearDocument' on input line 278.
Package atveryend Info: Empty hook `AfterLastShipout' on input line 278.
 (mainTesi2.aux (chapter/acknowledgements.aux) (chapter/abstract.aux))
Package atveryend Info: Executing hook `AtVeryEndDocument' on input line 278.
Package atveryend Info: Executing hook `AtEndAfterFileList' on input line 278.
Package rerunfilecheck Info: File `mainTesi2.out' has not changed.
(rerunfilecheck)             Checksum: E33D894825C0175E3307B2B949949883;1447.


LaTeX Warning: There were multiply-defined labels.

Package atveryend Info: Empty hook `AtVeryVeryEnd' on input line 278.
 ) 
Here is how much of TeX's memory you used:
 11677 strings out of 480790
 183208 string characters out of 2907058
 512532 words of memory out of 3000000
 27067 multiletter control sequences out of 15000+200000
 564323 words of font info for 86 fonts, out of 3000000 for 9000
 1141 hyphenation exceptions out of 8191
 43i,15n,62p,2287b,551s stack positions out of 5000i,500n,10000p,200000b,50000s
{C:/Program Files/MiKTeX/fonts/enc/dvips/base/8r.enc}<C:/Program Files/MiKTeX
/fonts/type1/public/amsfonts/cm/cmbx12.pfb><C:/Program Files/MiKTeX/fonts/type1
/public/amsfonts/cm/cmbx8.pfb><C:/Program Files/MiKTeX/fonts/type1/public/amsfo
nts/cm/cmex10.pfb><C:/Program Files/MiKTeX/fonts/type1/public/amsfonts/cm/cmmi1
0.pfb><C:/Program Files/MiKTeX/fonts/type1/public/amsfonts/cm/cmmi12.pfb><C:/Pr
ogram Files/MiKTeX/fonts/type1/public/amsfonts/cm/cmmi6.pfb><C:/Program Files/M
iKTeX/fonts/type1/public/amsfonts/cm/cmmi8.pfb><C:/Program Files/MiKTeX/fonts/t
ype1/public/amsfonts/cm/cmr10.pfb><C:/Program Files/MiKTeX/fonts/type1/public/a
msfonts/cm/cmr12.pfb><C:/Program Files/MiKTeX/fonts/type1/public/amsfonts/cm/cm
r6.pfb><C:/Program Files/MiKTeX/fonts/type1/public/amsfonts/cm/cmr8.pfb><C:/Pro
gram Files/MiKTeX/fonts/type1/public/amsfonts/cm/cmsy10.pfb><C:/Program Files/M
iKTeX/fonts/type1/public/amsfonts/cm/cmsy6.pfb><C:/Program Files/MiKTeX/fonts/t
ype1/public/amsfonts/cm/cmsy8.pfb><C:/Program Files/MiKTeX/fonts/type1/public/a
msfonts/symbols/msbm10.pfb><C:/Program Files/MiKTeX/fonts/type1/urw/courier/ucr
r8a.pfb><C:/Program Files/MiKTeX/fonts/type1/urw/times/utmb8a.pfb><C:/Program F
iles/MiKTeX/fonts/type1/urw/times/utmbi8a.pfb><C:/Program Files/MiKTeX/fonts/ty
pe1/urw/times/utmr8a.pfb><C:/Program Files/MiKTeX/fonts/type1/urw/times/utmri8a
.pfb>
Output written on mainTesi2.pdf (65 pages, 1674507 bytes).
PDF statistics:
 1219 PDF objects out of 1440 (max. 8388607)
 258 named destinations out of 1000 (max. 500000)
 263 words of extra memory for PDF output out of 10000 (max. 10000000)

